                                      1 ;--------------------------------------------------------
                                      2 ; File Created by SDCC : free open source ANSI-C Compiler
                                      3 ; Version 4.1.6 #12539 (MINGW32)
                                      4 ;--------------------------------------------------------
                                      5 	.module main
                                      6 	.optsdcc -mgbz80
                                      7 	
                                      8 ;--------------------------------------------------------
                                      9 ; Public variables in this module
                                     10 ;--------------------------------------------------------
                                     11 	.globl _main
                                     12 	.globl _set_sprite_data
                                     13 	.globl _Parede
                                     14 	.globl _Bola
                                     15 	.globl _Barra
                                     16 ;--------------------------------------------------------
                                     17 ; special function registers
                                     18 ;--------------------------------------------------------
                                     19 ;--------------------------------------------------------
                                     20 ; ram data
                                     21 ;--------------------------------------------------------
                                     22 	.area _DATA
                                     23 ;--------------------------------------------------------
                                     24 ; ram data
                                     25 ;--------------------------------------------------------
                                     26 	.area _INITIALIZED
      000000                         27 _Barra::
      000000                         28 	.ds 16
      000010                         29 _Bola::
      000010                         30 	.ds 16
      000020                         31 _Parede::
      000020                         32 	.ds 16
                                     33 ;--------------------------------------------------------
                                     34 ; absolute external ram data
                                     35 ;--------------------------------------------------------
                                     36 	.area _DABS (ABS)
                                     37 ;--------------------------------------------------------
                                     38 ; global & static initialisations
                                     39 ;--------------------------------------------------------
                                     40 	.area _HOME
                                     41 	.area _GSINIT
                                     42 	.area _GSFINAL
                                     43 	.area _GSINIT
                                     44 ;--------------------------------------------------------
                                     45 ; Home
                                     46 ;--------------------------------------------------------
                                     47 	.area _HOME
                                     48 	.area _HOME
                                     49 ;--------------------------------------------------------
                                     50 ; code
                                     51 ;--------------------------------------------------------
                                     52 	.area _CODE
                                     53 ;..\src\main.c:7: void main(){
                                     54 ;	---------------------------------
                                     55 ; Function main
                                     56 ; ---------------------------------
      000000                         57 _main::
                                     58 ;..\src\main.c:11: SPRITES_8x8;
      000000 F0r00                   59 	ldh	a, (_LCDC_REG + 0)
      000002 E6 FB                   60 	and	a, #0xfb
      000004 E0r00                   61 	ldh	(_LCDC_REG + 0), a
                                     62 ;..\src\main.c:16: set_sprite_data(0, 1, Barra);
      000006 11r00r00                63 	ld	de, #_Barra
      000009 D5                      64 	push	de
      00000A AF                      65 	xor	a, a
      00000B 3C                      66 	inc	a
      00000C F5                      67 	push	af
      00000D CDr00r00                68 	call	_set_sprite_data
      000010 E8 04                   69 	add	sp, #4
                                     70 ;C:/Users/Glenio Lobo/Desktop/Faculdade/Interface Hardware Software/pong-souls/gbdk/include/gb/gb.h:1326: shadow_OAM[nb].tile=tile;
      000012 21r0Er00                71 	ld	hl, #(_shadow_OAM + 14)
      000015 36 00                   72 	ld	(hl), #0x00
                                     73 ;C:/Users/Glenio Lobo/Desktop/Faculdade/Interface Hardware Software/pong-souls/gbdk/include/gb/gb.h:1399: OAM_item_t * itm = &shadow_OAM[nb];
      000017 01r0Cr00                74 	ld	bc, #_shadow_OAM+12
                                     75 ;C:/Users/Glenio Lobo/Desktop/Faculdade/Interface Hardware Software/pong-souls/gbdk/include/gb/gb.h:1400: itm->y=y, itm->x=x;
      00001A AF                      76 	xor	a, a
      00001B 02                      77 	ld	(bc), a
      00001C 03                      78 	inc	bc
      00001D AF                      79 	xor	a, a
      00001E 02                      80 	ld	(bc), a
                                     81 ;..\src\main.c:20: set_sprite_data(1, 1, Bola);
      00001F 11r10r00                82 	ld	de, #_Bola
      000022 D5                      83 	push	de
      000023 21 01 01                84 	ld	hl, #0x101
      000026 E5                      85 	push	hl
      000027 CDr00r00                86 	call	_set_sprite_data
      00002A E8 04                   87 	add	sp, #4
                                     88 ;C:/Users/Glenio Lobo/Desktop/Faculdade/Interface Hardware Software/pong-souls/gbdk/include/gb/gb.h:1326: shadow_OAM[nb].tile=tile;
      00002C 21r06r00                89 	ld	hl, #(_shadow_OAM + 6)
      00002F 36 01                   90 	ld	(hl), #0x01
                                     91 ;C:/Users/Glenio Lobo/Desktop/Faculdade/Interface Hardware Software/pong-souls/gbdk/include/gb/gb.h:1399: OAM_item_t * itm = &shadow_OAM[nb];
      000031 21r04r00                92 	ld	hl, #(_shadow_OAM + 4)
                                     93 ;C:/Users/Glenio Lobo/Desktop/Faculdade/Interface Hardware Software/pong-souls/gbdk/include/gb/gb.h:1400: itm->y=y, itm->x=x;
      000034 3E 10                   94 	ld	a, #0x10
      000036 22                      95 	ld	(hl+), a
      000037 36 58                   96 	ld	(hl), #0x58
                                     97 ;..\src\main.c:24: set_sprite_data(2, 1, Parede);
      000039 11r20r00                98 	ld	de, #_Parede
      00003C D5                      99 	push	de
      00003D 21 02 01               100 	ld	hl, #0x102
      000040 E5                     101 	push	hl
      000041 CDr00r00               102 	call	_set_sprite_data
      000044 E8 04                  103 	add	sp, #4
                                    104 ;C:/Users/Glenio Lobo/Desktop/Faculdade/Interface Hardware Software/pong-souls/gbdk/include/gb/gb.h:1326: shadow_OAM[nb].tile=tile;
      000046 21r0Ar00               105 	ld	hl, #(_shadow_OAM + 10)
      000049 36 02                  106 	ld	(hl), #0x02
                                    107 ;C:/Users/Glenio Lobo/Desktop/Faculdade/Interface Hardware Software/pong-souls/gbdk/include/gb/gb.h:1399: OAM_item_t * itm = &shadow_OAM[nb];
      00004B 21r08r00               108 	ld	hl, #(_shadow_OAM + 8)
                                    109 ;C:/Users/Glenio Lobo/Desktop/Faculdade/Interface Hardware Software/pong-souls/gbdk/include/gb/gb.h:1400: itm->y=y, itm->x=x;
      00004E 3E 98                  110 	ld	a, #0x98
      000050 22                     111 	ld	(hl+), a
      000051 36 50                  112 	ld	(hl), #0x50
                                    113 ;..\src\main.c:28: SHOW_SPRITES;
      000053 F0r00                  114 	ldh	a, (_LCDC_REG + 0)
      000055 F6 02                  115 	or	a, #0x02
      000057 E0r00                  116 	ldh	(_LCDC_REG + 0), a
                                    117 ;..\src\main.c:51: }
      000059 C9                     118 	ret
                                    119 	.area _CODE
                                    120 	.area _INITIALIZER
      000000                        121 __xinit__Barra:
      000000 18                     122 	.db #0x18	; 24
      000001 1C                     123 	.db #0x1c	; 28
      000002 18                     124 	.db #0x18	; 24
      000003 1C                     125 	.db #0x1c	; 28
      000004 18                     126 	.db #0x18	; 24
      000005 1C                     127 	.db #0x1c	; 28
      000006 18                     128 	.db #0x18	; 24
      000007 1C                     129 	.db #0x1c	; 28
      000008 18                     130 	.db #0x18	; 24
      000009 1C                     131 	.db #0x1c	; 28
      00000A 18                     132 	.db #0x18	; 24
      00000B 1C                     133 	.db #0x1c	; 28
      00000C 18                     134 	.db #0x18	; 24
      00000D 1C                     135 	.db #0x1c	; 28
      00000E 18                     136 	.db #0x18	; 24
      00000F 1C                     137 	.db #0x1c	; 28
      000010                        138 __xinit__Bola:
      000010 00                     139 	.db #0x00	; 0
      000011 00                     140 	.db #0x00	; 0
      000012 3C                     141 	.db #0x3c	; 60
      000013 3C                     142 	.db #0x3c	; 60
      000014 7E                     143 	.db #0x7e	; 126
      000015 7E                     144 	.db #0x7e	; 126
      000016 7E                     145 	.db #0x7e	; 126
      000017 7E                     146 	.db #0x7e	; 126
      000018 7E                     147 	.db #0x7e	; 126
      000019 7E                     148 	.db #0x7e	; 126
      00001A 7E                     149 	.db #0x7e	; 126
      00001B 7E                     150 	.db #0x7e	; 126
      00001C 3C                     151 	.db #0x3c	; 60
      00001D 3C                     152 	.db #0x3c	; 60
      00001E 00                     153 	.db #0x00	; 0
      00001F 00                     154 	.db #0x00	; 0
      000020                        155 __xinit__Parede:
      000020 08                     156 	.db #0x08	; 8
      000021 08                     157 	.db #0x08	; 8
      000022 08                     158 	.db #0x08	; 8
      000023 08                     159 	.db #0x08	; 8
      000024 08                     160 	.db #0x08	; 8
      000025 08                     161 	.db #0x08	; 8
      000026 08                     162 	.db #0x08	; 8
      000027 08                     163 	.db #0x08	; 8
      000028 08                     164 	.db #0x08	; 8
      000029 08                     165 	.db #0x08	; 8
      00002A 08                     166 	.db #0x08	; 8
      00002B 08                     167 	.db #0x08	; 8
      00002C FF                     168 	.db #0xff	; 255
      00002D FF                     169 	.db #0xff	; 255
      00002E 00                     170 	.db #0x00	; 0
      00002F 00                     171 	.db #0x00	; 0
                                    172 	.area _CABS (ABS)
